<?xml version="1.0" encoding="UTF-8"?>
<!-- Generated by org.testng.reporters.JUnitXMLReporter -->
<testsuite ignored="1" hostname="LAPTOP-3NHEPO61" failures="0" tests="2" name="GroupTest" time="0.06" errors="0" timestamp="2025-08-20T15:04:35 IST">
  <testcase classname="testngday3.group_use" name="testAddToCart" time="0.009"/>
  <testcase classname="testngday3.group_use" name="testLogin" time="0.001"/>
  <testcase classname="testngday3.group_use" name="testCheckout" time="0.0">
    <ignored/>
  </testcase> <!-- testCheckout -->
</testsuite> <!-- GroupTest -->
