<?xml version="1.0" encoding="UTF-8"?>
<!-- Generated by org.testng.reporters.JUnitXMLReporter -->
<testsuite ignored="2" hostname="LAPTOP-3NHEPO61" failures="1" tests="1" name="GroupTest" time="0.151" errors="0" timestamp="2025-08-20T17:19:35 IST">
  <testcase classname="testngday3.EcommerceTest" name="testTitle" time="0.027">
    <failure type="java.lang.NullPointerException" message="Cannot invoke &amp;quot;org.openqa.selenium.WebDriver.getTitle()&amp;quot; because &amp;quot;this.driver&amp;quot; is null">
      <![CDATA[java.lang.NullPointerException: Cannot invoke "org.openqa.selenium.WebDriver.getTitle()" because "this.driver" is null
at testngday3.EcommerceTest.testTitle(EcommerceTest.java:25)
at java.base/java.util.ArrayList.forEach(ArrayList.java:1596)
... Removed 25 stack frames]]>
    </failure>
  </testcase> <!-- testTitle -->
  <testcase classname="testngday3.EcommerceTest" name="testSearch" time="0.0">
    <ignored/>
  </testcase> <!-- testSearch -->
  <testcase classname="testngday3.EcommerceTest" name="testCart" time="0.0">
    <ignored/>
  </testcase> <!-- testCart -->
</testsuite> <!-- GroupTest -->
